<?xml version="1.0" encoding="UTF-8"?><testsuite errors="0" failures="0" name="com.studentapp.junit.studentsInfo.TagsTest" skipped="0" tests="3" time="11.43" timestamp="2018-04-17 12:35:35"><testcase classname="com.studentapp.junit.studentsInfo.TagsTest" name="Returns a status code of 400 if the use tries to access an invalid resource"/><testcase classname="com.studentapp.junit.studentsInfo.TagsTest" name="This test will verify that a status code of 200 is returned for our GET request"/><testcase classname="com.studentapp.junit.studentsInfo.TagsTest" name="Provide a 405 status code when incorrect HTTP method is used to access a resource"/></testsuite>